build/app/intermediates/manifest_merge_blame_file/release/manifest-merger-blame-release-report.txt
1<?xml version="1.0" encoding="utf-8"?>
2<manifest xmlns:android="http://schemas.android.com/apk/res/android"
3    package="com.example.mangoHub"
4    android:versionCode="1"
5    android:versionName="1.0.0" >
6
7    <uses-sdk
8        android:minSdkVersion="18"
8-->src\main\AndroidManifest.xml
9        android:targetSdkVersion="28" />
9-->src\main\AndroidManifest.xml
10    <!--
11         io.flutter.app.FlutterApplication is an android.app.Application that
12         calls FlutterMain.startInitialization(this); in its onCreate method.
13         In most cases you can leave this as-is, but you if you want to provide
14         additional functionality it is fine to subclass or reimplement
15         FlutterApplication and put your custom class here.
16    -->
17    <uses-permission android:name="android.permission.ACCESS_FINE_LOCATION" />
17-->src\main\AndroidManifest.xml:8:5-79
17-->src\main\AndroidManifest.xml:8:22-76
18    <uses-permission android:name="android.permission.ACCESS_COARSE_LOCATION" />
18-->src\main\AndroidManifest.xml:9:5-81
18-->src\main\AndroidManifest.xml:9:22-78
19    <uses-permission android:name="android.permission.READ_EXTERNAL_STORAGE" />
19-->[:image_picker] AndroidManifest.xml:7:5-80
19-->[:image_picker] AndroidManifest.xml:7:22-77
20    <uses-permission android:name="android.permission.WRITE_EXTERNAL_STORAGE" /> <!-- Although the *SdkVersion is captured in gradle build files, this is required for non gradle builds -->
20-->[:image_picker] AndroidManifest.xml:8:5-81
20-->[:image_picker] AndroidManifest.xml:8:22-78
21    <!-- <uses-sdk android:minSdkVersion="14" /> -->
22    <uses-permission android:name="android.permission.ACCESS_NETWORK_STATE" />
22-->[com.google.firebase:firebase-firestore:21.7.1] AndroidManifest.xml:13:5-79
22-->[com.google.firebase:firebase-firestore:21.7.1] AndroidManifest.xml:13:22-76
23    <uses-permission android:name="android.permission.INTERNET" />
23-->[com.google.firebase:firebase-firestore:21.7.1] AndroidManifest.xml:14:5-67
23-->[com.google.firebase:firebase-firestore:21.7.1] AndroidManifest.xml:14:22-64
24
25    <uses-feature
25-->[com.google.android.gms:play-services-maps:17.0.0] AndroidManifest.xml:26:5-28:35
26        android:glEsVersion="0x00020000"
26-->[com.google.android.gms:play-services-maps:17.0.0] AndroidManifest.xml:27:9-41
27        android:required="true" />
27-->[com.google.android.gms:play-services-maps:17.0.0] AndroidManifest.xml:28:9-32
28
29    <uses-permission android:name="android.permission.WAKE_LOCK" />
29-->[com.google.android.gms:play-services-measurement-api:17.6.0] AndroidManifest.xml:24:5-68
29-->[com.google.android.gms:play-services-measurement-api:17.6.0] AndroidManifest.xml:24:22-65
30    <uses-permission android:name="com.google.android.finsky.permission.BIND_GET_INSTALL_REFERRER_SERVICE" />
30-->[com.google.android.gms:play-services-measurement:17.6.0] AndroidManifest.xml:26:5-110
30-->[com.google.android.gms:play-services-measurement:17.6.0] AndroidManifest.xml:26:22-107
31
32    <application
32-->src\main\AndroidManifest.xml:11:5-51:19
33        android:name="io.flutter.app.FlutterApplication"
33-->src\main\AndroidManifest.xml:12:9-57
34        android:appComponentFactory="androidx.core.app.CoreComponentFactory"
34-->[androidx.core:core:1.1.0] AndroidManifest.xml:24:18-86
35        android:icon="@mipmap/ic_launcher"
35-->src\main\AndroidManifest.xml:14:9-43
36        android:label="MangoHub Mobile Delivery" >
36-->src\main\AndroidManifest.xml:13:9-49
37        <meta-data
37-->src\main\AndroidManifest.xml:15:9-16:77
38            android:name="com.google.android.geo.API_KEY"
38-->src\main\AndroidManifest.xml:15:20-65
39            android:value="AIzaSyDhOoTKiPahx0kxP77CsMoQFcI61ivN4PU" />
39-->src\main\AndroidManifest.xml:16:20-75
40
41        <activity
41-->src\main\AndroidManifest.xml:17:9-45:20
42            android:name="com.example.mangoHub.MainActivity"
42-->src\main\AndroidManifest.xml:18:13-41
43            android:configChanges="orientation|keyboardHidden|keyboard|screenSize|smallestScreenSize|locale|layoutDirection|fontScale|screenLayout|density|uiMode"
43-->src\main\AndroidManifest.xml:21:13-163
44            android:hardwareAccelerated="true"
44-->src\main\AndroidManifest.xml:22:13-47
45            android:launchMode="singleTop"
45-->src\main\AndroidManifest.xml:19:13-43
46            android:theme="@style/LaunchTheme"
46-->src\main\AndroidManifest.xml:20:13-47
47            android:windowSoftInputMode="adjustResize" >
47-->src\main\AndroidManifest.xml:23:13-55
48
49            <!--
50                 Specifies an Android theme to apply to this Activity as soon as
51                 the Android process has started. This theme is visible to the user
52                 while the Flutter UI initializes. After that, this theme continues
53                 to determine the Window background behind the Flutter UI.
54            -->
55            <meta-data
55-->src\main\AndroidManifest.xml:28:13-31:17
56                android:name="io.flutter.embedding.android.NormalTheme"
56-->src\main\AndroidManifest.xml:29:15-70
57                android:resource="@style/NormalTheme" />
57-->src\main\AndroidManifest.xml:30:15-52
58            <!--
59                 Displays an Android View that continues showing the launch screen
60                 Drawable until Flutter paints its first frame, then this splash
61                 screen fades out. A splash screen is useful to avoid any visual
62                 gap between the end of Android's launch screen and the painting of
63                 Flutter's first frame.
64            -->
65            <meta-data
65-->src\main\AndroidManifest.xml:37:13-40:17
66                android:name="io.flutter.embedding.android.SplashScreenDrawable"
66-->src\main\AndroidManifest.xml:38:15-79
67                android:resource="@drawable/launch_background" />
67-->src\main\AndroidManifest.xml:39:15-61
68
69            <intent-filter>
69-->src\main\AndroidManifest.xml:41:13-44:29
70                <action android:name="android.intent.action.MAIN" />
70-->src\main\AndroidManifest.xml:42:17-68
70-->src\main\AndroidManifest.xml:42:25-66
71
72                <category android:name="android.intent.category.LAUNCHER" />
72-->src\main\AndroidManifest.xml:43:17-76
72-->src\main\AndroidManifest.xml:43:27-74
73            </intent-filter>
74        </activity>
75        <!--
76             Don't delete the meta-data below.
77             This is used by the Flutter tool to generate GeneratedPluginRegistrant.java
78        -->
79        <meta-data
79-->src\main\AndroidManifest.xml:48:9-50:33
80            android:name="flutterEmbedding"
80-->src\main\AndroidManifest.xml:49:13-44
81            android:value="2" />
81-->src\main\AndroidManifest.xml:50:13-30
82
83        <service
83-->[:cloud_firestore] AndroidManifest.xml:8:9-12:19
84            android:name="com.google.firebase.components.ComponentDiscoveryService"
84-->[:cloud_firestore] AndroidManifest.xml:8:18-89
85            android:directBootAware="true"
85-->[com.google.firebase:firebase-common:19.3.1] AndroidManifest.xml:35:13-43
86            android:exported="false" >
86-->[com.google.firebase:firebase-firestore:21.7.1] AndroidManifest.xml:19:13-37
87            <meta-data
87-->[:cloud_firestore] AndroidManifest.xml:9:13-11:85
88                android:name="com.google.firebase.components:io.flutter.plugins.firebase.firestore.FlutterFirebaseFirestoreRegistrar"
88-->[:cloud_firestore] AndroidManifest.xml:10:17-134
89                android:value="com.google.firebase.components.ComponentRegistrar" />
89-->[:cloud_firestore] AndroidManifest.xml:11:17-82
90            <meta-data
90-->[:firebase_core] AndroidManifest.xml:9:13-11:85
91                android:name="com.google.firebase.components:io.flutter.plugins.firebase.core.FlutterFirebaseCoreRegistrar"
91-->[:firebase_core] AndroidManifest.xml:10:17-124
92                android:value="com.google.firebase.components.ComponentRegistrar" />
92-->[:firebase_core] AndroidManifest.xml:11:17-82
93            <meta-data
93-->[com.google.firebase:firebase-firestore:21.7.1] AndroidManifest.xml:20:13-22:85
94                android:name="com.google.firebase.components:com.google.firebase.firestore.FirestoreRegistrar"
94-->[com.google.firebase:firebase-firestore:21.7.1] AndroidManifest.xml:21:17-111
95                android:value="com.google.firebase.components.ComponentRegistrar" />
95-->[com.google.firebase:firebase-firestore:21.7.1] AndroidManifest.xml:22:17-82
96            <meta-data
96-->[com.google.android.gms:play-services-measurement-api:17.6.0] AndroidManifest.xml:30:13-32:85
97                android:name="com.google.firebase.components:com.google.firebase.analytics.connector.internal.AnalyticsConnectorRegistrar"
97-->[com.google.android.gms:play-services-measurement-api:17.6.0] AndroidManifest.xml:31:17-139
98                android:value="com.google.firebase.components.ComponentRegistrar" />
98-->[com.google.android.gms:play-services-measurement-api:17.6.0] AndroidManifest.xml:32:17-82
99            <meta-data
99-->[com.google.firebase:firebase-installations:16.3.2] AndroidManifest.xml:17:13-19:85
100                android:name="com.google.firebase.components:com.google.firebase.installations.FirebaseInstallationsRegistrar"
100-->[com.google.firebase:firebase-installations:16.3.2] AndroidManifest.xml:18:17-127
101                android:value="com.google.firebase.components.ComponentRegistrar" />
101-->[com.google.firebase:firebase-installations:16.3.2] AndroidManifest.xml:19:17-82
102        </service>
103
104        <provider
104-->[:image_picker] AndroidManifest.xml:11:9-19:20
105            android:name="io.flutter.plugins.imagepicker.ImagePickerFileProvider"
105-->[:image_picker] AndroidManifest.xml:12:13-82
106            android:authorities="com.example.mangoHub.flutter.image_provider"
106-->[:image_picker] AndroidManifest.xml:13:13-74
107            android:exported="false"
107-->[:image_picker] AndroidManifest.xml:14:13-37
108            android:grantUriPermissions="true" >
108-->[:image_picker] AndroidManifest.xml:15:13-47
109            <meta-data
109-->[:image_picker] AndroidManifest.xml:16:13-18:75
110                android:name="android.support.FILE_PROVIDER_PATHS"
110-->[:image_picker] AndroidManifest.xml:17:17-67
111                android:resource="@xml/flutter_image_picker_file_paths" />
111-->[:image_picker] AndroidManifest.xml:18:17-72
112        </provider> <!-- Needs to be explicitly declared on P+ -->
113        <uses-library
113-->[com.google.android.gms:play-services-maps:17.0.0] AndroidManifest.xml:33:9-35:40
114            android:name="org.apache.http.legacy"
114-->[com.google.android.gms:play-services-maps:17.0.0] AndroidManifest.xml:34:13-50
115            android:required="false" />
115-->[com.google.android.gms:play-services-maps:17.0.0] AndroidManifest.xml:35:13-37
116
117        <activity
117-->[com.google.android.gms:play-services-base:17.0.0] AndroidManifest.xml:23:9-26:75
118            android:name="com.google.android.gms.common.api.GoogleApiActivity"
118-->[com.google.android.gms:play-services-base:17.0.0] AndroidManifest.xml:24:13-79
119            android:exported="false"
119-->[com.google.android.gms:play-services-base:17.0.0] AndroidManifest.xml:25:13-37
120            android:theme="@android:style/Theme.Translucent.NoTitleBar" />
120-->[com.google.android.gms:play-services-base:17.0.0] AndroidManifest.xml:26:13-72
121
122        <provider
122-->[com.google.firebase:firebase-common:19.3.1] AndroidManifest.xml:26:9-31:39
123            android:name="com.google.firebase.provider.FirebaseInitProvider"
123-->[com.google.firebase:firebase-common:19.3.1] AndroidManifest.xml:27:13-77
124            android:authorities="com.example.mangoHub.firebaseinitprovider"
124-->[com.google.firebase:firebase-common:19.3.1] AndroidManifest.xml:28:13-72
125            android:directBootAware="true"
125-->[com.google.firebase:firebase-common:19.3.1] AndroidManifest.xml:29:13-43
126            android:exported="false"
126-->[com.google.firebase:firebase-common:19.3.1] AndroidManifest.xml:30:13-37
127            android:initOrder="100" />
127-->[com.google.firebase:firebase-common:19.3.1] AndroidManifest.xml:31:13-36
128
129        <receiver
129-->[com.google.android.gms:play-services-measurement:17.6.0] AndroidManifest.xml:29:9-33:20
130            android:name="com.google.android.gms.measurement.AppMeasurementReceiver"
130-->[com.google.android.gms:play-services-measurement:17.6.0] AndroidManifest.xml:30:13-85
131            android:enabled="true"
131-->[com.google.android.gms:play-services-measurement:17.6.0] AndroidManifest.xml:31:13-35
132            android:exported="false" >
132-->[com.google.android.gms:play-services-measurement:17.6.0] AndroidManifest.xml:32:13-37
133        </receiver>
134
135        <service
135-->[com.google.android.gms:play-services-measurement:17.6.0] AndroidManifest.xml:35:9-38:40
136            android:name="com.google.android.gms.measurement.AppMeasurementService"
136-->[com.google.android.gms:play-services-measurement:17.6.0] AndroidManifest.xml:36:13-84
137            android:enabled="true"
137-->[com.google.android.gms:play-services-measurement:17.6.0] AndroidManifest.xml:37:13-35
138            android:exported="false" />
138-->[com.google.android.gms:play-services-measurement:17.6.0] AndroidManifest.xml:38:13-37
139        <service
139-->[com.google.android.gms:play-services-measurement:17.6.0] AndroidManifest.xml:39:9-43:72
140            android:name="com.google.android.gms.measurement.AppMeasurementJobService"
140-->[com.google.android.gms:play-services-measurement:17.6.0] AndroidManifest.xml:40:13-87
141            android:enabled="true"
141-->[com.google.android.gms:play-services-measurement:17.6.0] AndroidManifest.xml:41:13-35
142            android:exported="false"
142-->[com.google.android.gms:play-services-measurement:17.6.0] AndroidManifest.xml:42:13-37
143            android:permission="android.permission.BIND_JOB_SERVICE" />
143-->[com.google.android.gms:play-services-measurement:17.6.0] AndroidManifest.xml:43:13-69
144
145        <meta-data
145-->[com.google.android.gms:play-services-basement:17.0.0] AndroidManifest.xml:23:9-25:69
146            android:name="com.google.android.gms.version"
146-->[com.google.android.gms:play-services-basement:17.0.0] AndroidManifest.xml:24:13-58
147            android:value="@integer/google_play_services_version" />
147-->[com.google.android.gms:play-services-basement:17.0.0] AndroidManifest.xml:25:13-66
148    </application>
149
150</manifest>